\BOOKMARK [0][-]{chapter.1}{\376\377\000C\000o\000n\000c\000e\000i\000t\000o\000s\000\040\000B\000\341\000s\000i\000c\000o\000s}{}% 1
\BOOKMARK [1][-]{section.1.1}{\376\377\000P\000r\000\355\000n\000c\000i\000p\000i\000o\000\040\000d\000a\000\040\000n\000\343\000o\000\040\000c\000o\000n\000t\000r\000a\000d\000i\000\347\000\343\000o\000\040\000e\000\040\000d\000o\000\040\000t\000e\000r\000c\000e\000i\000r\000o\000\040\000e\000x\000c\000l\000u\000\355\000d\000o}{chapter.1}% 2
\BOOKMARK [0][-]{chapter.2}{\376\377\000N\000o\000\347\000\365\000e\000s\000\040\000d\000e\000\040\000T\000e\000o\000r\000i\000a\000\040\000d\000e\000\040\000C\000o\000n\000j\000u\000n\000t\000o\000s}{}% 3
\BOOKMARK [1][-]{section.2.1}{\376\377\000C\000o\000n\000c\000e\000i\000t\000o\000s\000\040\000b\000\341\000s\000i\000c\000o\000s}{chapter.2}% 4
\BOOKMARK [1][-]{section.2.2}{\376\377\000D\000e\000s\000c\000r\000i\000\347\000\343\000o\000\040\000d\000e\000\040\000u\000m\000\040\000c\000o\000n\000j\000u\000n\000t\000o}{chapter.2}% 5
\BOOKMARK [1][-]{section.2.3}{\376\377\000A\000l\000g\000u\000n\000s\000\040\000c\000o\000n\000j\000u\000n\000t\000o\000s\000\040\000i\000m\000p\000o\000r\000t\000a\000n\000t\000e\000s}{chapter.2}% 6
\BOOKMARK [1][-]{section.2.4}{\376\377\000P\000r\000o\000p\000r\000i\000e\000d\000a\000d\000e\000s\000\040\000d\000o\000s\000\040\000c\000o\000n\000j\000u\000n\000t\000o\000s}{chapter.2}% 7
\BOOKMARK [2][-]{subsection.2.4.1}{\376\377\000P\000r\000o\000p\000r\000i\000e\000d\000a\000d\000e\000s\000\040\000d\000a\000\040\000c\000o\000n\000t\000i\000n\000\352\000n\000c\000i\000a}{section.2.4}% 8
\BOOKMARK [1][-]{section.2.5}{\376\377\000R\000e\000l\000a\000\347\000\365\000e\000s\000\040\000e\000n\000t\000r\000e\000\040\000c\000o\000n\000j\000u\000n\000t\000o\000s}{chapter.2}% 9
\BOOKMARK [0][-]{chapter.3}{\376\377\000N\000\372\000m\000e\000r\000o\000s\000\040\000I\000n\000t\000e\000i\000r\000o\000s}{}% 10
\BOOKMARK [1][-]{section.3.1}{\376\377\000C\000o\000n\000c\000e\000i\000t\000o\000s\000\040\000b\000\341\000s\000i\000c\000o\000s}{chapter.3}% 11
\BOOKMARK [2][-]{subsubsection.3.1.0.1}{\376\377\000P\000r\000o\000p\000r\000i\000e\000d\000a\000d\000e\000s\000\040\000b\000\341\000s\000i\000c\000a\000s\000\040\000d\000a\000\040\000a\000d\000i\000\347\000\343\000o\000\040\000e\000\040\000d\000a\000\040\000m\000u\000l\000t\000i\000p\000l\000i\000c\000a\000\347\000\343\000o}{section.3.1}% 12
\BOOKMARK [3][-]{subsubsection.3.1.0.2}{\376\377\000P\000r\000o\000p\000r\000i\000e\000d\000a\000d\000e\000s\000\040\000b\000\341\000s\000i\000c\000a\000s\000\040\000d\000a\000s\000\040\000d\000e\000s\000i\000g\000u\000a\000l\000d\000a\000d\000e\000s}{subsubsection.3.1.0.1}% 13
\BOOKMARK [1][-]{section.3.2}{\376\377\000P\000r\000i\000n\000c\000\355\000p\000i\000o\000\040\000d\000a\000\040\000b\000o\000a\000\040\000o\000r\000d\000e\000n\000a\000\347\000\343\000o}{chapter.3}% 14
\BOOKMARK [1][-]{section.3.3}{\376\377\000P\000r\000i\000n\000c\000\355\000p\000i\000o\000\040\000d\000a\000\040\000I\000n\000d\000u\000\347\000\343\000o\000\040\000F\000i\000n\000i\000t\000a}{chapter.3}% 15
\BOOKMARK [1][-]{section.3.4}{\376\377\000D\000i\000v\000i\000s\000i\000b\000i\000l\000i\000d\000a\000d\000e}{chapter.3}% 16
\BOOKMARK [1][-]{section.3.5}{\376\377\000A\000l\000g\000o\000r\000i\000t\000m\000o\000\040\000d\000e\000\040\000d\000i\000v\000i\000s\000\343\000o\000\040\000d\000e\000\040\000E\000u\000c\000l\000i\000d\000e\000s}{chapter.3}% 17
\BOOKMARK [1][-]{section.3.6}{\376\377\000M\000\341\000x\000i\000m\000o\000\040\000D\000i\000v\000i\000s\000o\000r\000\040\000C\000o\000m\000u\000m}{chapter.3}% 18
\BOOKMARK [1][-]{section.3.7}{\376\377\000I\000d\000e\000a\000i\000s}{chapter.3}% 19
\BOOKMARK [2][-]{subsubsection.3.7.0.1}{\376\377\000D\000e\000f\000i\000n\000i\000\347\000\343\000o}{section.3.7}% 20
\BOOKMARK [3][-]{subsubsection.3.7.0.2}{\376\377\000P\000r\000o\000p\000r\000i\000e\000d\000a\000d\000e\000s}{subsubsection.3.7.0.1}% 21
\BOOKMARK [3][-]{subsubsection.3.7.0.3}{\376\377\000C\000o\000n\000j\000u\000n\000t\000o\000\040\000d\000o\000s\000\040\000m\000\372\000l\000t\000i\000p\000l\000o\000s\000\040\000d\000e\000\040\000g}{subsubsection.3.7.0.1}% 22
\BOOKMARK [0][-]{chapter.4}{\376\377\000R\000e\000l\000a\000\347\000\365\000e\000s\000\040\000e\000\040\000F\000u\000n\000\347\000\365\000e\000s}{}% 23
\BOOKMARK [1][-]{section.4.1}{\376\377\000R\000e\000l\000a\000\347\000\365\000e\000s}{chapter.4}% 24
\BOOKMARK [2][-]{subsubsection.4.1.0.1}{\376\377\000D\000e\000f\000i\000n\000i\000\347\000\343\000o}{section.4.1}% 25
\BOOKMARK [1][-]{section.4.2}{\376\377\000R\000e\000l\000a\000\347\000\365\000e\000s\000\040\000d\000e\000\040\000e\000q\000u\000i\000v\000a\000l\000\352\000n\000c\000i\000a}{chapter.4}% 26
\BOOKMARK [2][-]{subsubsection.4.2.0.1}{\376\377\000D\000e\000f\000i\000n\000i\000\347\000\343\000o}{section.4.2}% 27
\BOOKMARK [2][-]{subsection.4.2.1}{\376\377\000E\000q\000u\000i\000v\000a\000l\000\352\000n\000c\000i\000a\000\040\000m\000\363\000d\000u\000l\000o\000\040\000R}{section.4.2}% 28
\BOOKMARK [2][-]{subsection.4.2.2}{\376\377\000C\000l\000a\000s\000s\000e\000\040\000d\000e\000\040\000e\000q\000u\000i\000v\000a\000l\000\352\000n\000c\000i\000a\000\040\000e\000\040\000c\000o\000n\000j\000u\000n\000t\000o\000\040\000q\000u\000o\000c\000i\000e\000n\000t\000e}{section.4.2}% 29
\BOOKMARK [1][-]{section.4.3}{\376\377\000F\000u\000n\000\347\000\365\000e\000s}{chapter.4}% 30
\BOOKMARK [2][-]{subsubsection.4.3.0.1}{\376\377\000D\000e\000f\000i\000n\000i\000\347\000\343\000o}{section.4.3}% 31
\BOOKMARK [3][-]{subsubsection.4.3.0.2}{\376\377\000D\000o\000m\000\355\000n\000i\000o\000\040\000e\000\040\000c\000o\000n\000t\000r\000a\000-\000d\000o\000m\000\355\000n\000i\000o}{subsubsection.4.3.0.1}% 32
\BOOKMARK [2][-]{subsection.4.3.1}{\376\377\000T\000i\000p\000o\000s\000\040\000d\000e\000\040\000f\000u\000n\000\347\000\365\000e\000s}{section.4.3}% 33
\BOOKMARK [2][-]{subsection.4.3.2}{\376\377\000C\000o\000m\000p\000o\000s\000i\000\347\000\343\000o\000\040\000d\000e\000\040\000f\000u\000n\000\347\000\365\000e\000s}{section.4.3}% 34
\BOOKMARK [3][-]{subsubsection.4.3.2.1}{\376\377\000D\000e\000f\000i\000n\000i\000\347\000\343\000o}{subsection.4.3.2}% 35
\BOOKMARK [3][-]{subsubsection.4.3.2.2}{\376\377\000P\000r\000o\000p\000r\000i\000e\000d\000a\000d\000e\000s}{subsection.4.3.2}% 36
\BOOKMARK [2][-]{subsection.4.3.3}{\376\377\000F\000u\000n\000\347\000\343\000o\000\040\000I\000d\000e\000n\000t\000i\000d\000a\000d\000e}{section.4.3}% 37
\BOOKMARK [3][-]{subsubsection.4.3.3.1}{\376\377\000D\000e\000f\000i\000n\000i\000\347\000\343\000o}{subsection.4.3.3}% 38
\BOOKMARK [3][-]{subsubsection.4.3.3.2}{\376\377\000P\000r\000o\000p\000r\000i\000e\000d\000a\000d\000e\000s}{subsection.4.3.3}% 39
\BOOKMARK [0][-]{chapter.5}{\376\377\000O\000p\000e\000r\000a\000\347\000\365\000e\000s\000\040\000e\000m\000\040\000\040\000G\000e\000r\000m\000a\000n\000Z\000m\000Z}{}% 40
\BOOKMARK [1][-]{section.5.1}{\376\377\000R\000e\000l\000a\000\347\000\365\000e\000s\000\040\000d\000e\000\040\000c\000o\000n\000g\000r\000u\000\352\000n\000c\000i\000a}{chapter.5}% 41
\BOOKMARK [2][-]{subsection.5.1.1}{\376\377\000D\000e\000f\000i\000n\000i\000\347\000\343\000o}{section.5.1}% 42
\BOOKMARK [2][-]{subsection.5.1.2}{\376\377\000P\000r\000o\000p\000r\000i\000e\000d\000a\000d\000e\000s}{section.5.1}% 43
\BOOKMARK [2][-]{subsection.5.1.3}{\376\377\000C\000l\000a\000s\000s\000e\000s\000\040\000d\000e\000\040\000e\000q\000u\000i\000v\000a\000l\000\352\000n\000c\000i\000a\000\040\000m\000\363\000d\000u\000l\000o\000\040\000m}{section.5.1}% 44
\BOOKMARK [1][-]{section.5.2}{\376\377\000C\000o\000n\000j\000u\000n\000t\000o\000\040\000q\000u\000o\000c\000i\000e\000n\000t\000e\000\040\000\050\000\040\000G\000e\000r\000m\000a\000n\000Z\000m\000Z\000\051}{chapter.5}% 45
\BOOKMARK [2][-]{subsection.5.2.1}{\376\377\000E\000l\000e\000m\000e\000n\000t\000o\000s\000\040\000I\000n\000v\000e\000r\000s\000\355\000v\000e\000i\000s\000\040\000d\000e\000\040\000Z\000m\000Z}{section.5.2}% 46
\BOOKMARK [3][-]{subsubsection.5.2.1.1}{\376\377\000I\000n\000v\000e\000r\000s\000i\000b\000i\000l\000i\000d\000a\000d\000e}{subsection.5.2.1}% 47
\BOOKMARK [0][-]{chapter.6}{\376\377\000A\000n\000\351\000i\000s}{}% 48
\BOOKMARK [1][-]{section.6.1}{\376\377\000D\000e\000f\000i\000n\000i\000\347\000\365\000e\000s}{chapter.6}% 49
\BOOKMARK [1][-]{section.6.2}{\376\377\000P\000r\000o\000p\000r\000i\000e\000d\000a\000d\000e\000s\000\040\000d\000e\000\040\000u\000m\000\040\000A\000n\000e\000l}{chapter.6}% 50
\BOOKMARK [1][-]{section.6.3}{\376\377\000A\000n\000e\000l\000\040\000d\000e\000\040\000I\000n\000t\000e\000g\000r\000i\000d\000a\000d\000e}{chapter.6}% 51
\BOOKMARK [2][-]{subsubsection.6.3.0.1}{\376\377\000D\000e\000f\000i\000n\000i\000\347\000\343\000o}{section.6.3}% 52
\BOOKMARK [1][-]{section.6.4}{\376\377\000H\000o\000m\000o\000m\000o\000r\000f\000i\000s\000m\000o}{chapter.6}% 53
\BOOKMARK [2][-]{subsubsection.6.4.0.1}{\376\377\000D\000e\000f\000i\000n\000i\000\347\000\343\000o}{section.6.4}% 54
\BOOKMARK [3][-]{subsubsection.6.4.0.2}{\376\377\000P\000r\000o\000p\000r\000i\000e\000d\000a\000d\000e\000s}{subsubsection.6.4.0.1}% 55
\BOOKMARK [2][-]{subsection.6.4.1}{\376\377\000E\000p\000i\000m\000o\000r\000f\000i\000s\000m\000o\000,\000\040\000m\000o\000n\000o\000m\000o\000r\000f\000i\000s\000m\000o\000\040\000e\000\040\000i\000s\000o\000m\000o\000r\000f\000i\000s\000m\000o}{section.6.4}% 56
\BOOKMARK [1][-]{section.6.5}{\376\377\000I\000d\000e\000a\000l\000\040\000d\000e\000\040\000u\000m\000\040\000a\000n\000e\000l}{chapter.6}% 57
\BOOKMARK [2][-]{subsubsection.6.5.0.1}{\376\377\000D\000e\000f\000i\000n\000i\000\347\000\343\000o}{section.6.5}% 58
\BOOKMARK [3][-]{subsubsection.6.5.0.2}{\376\377\000P\000r\000o\000p\000r\000i\000e\000d\000a\000d\000e\000s}{subsubsection.6.5.0.1}% 59
\BOOKMARK [2][-]{subsection.6.5.1}{\376\377\000C\000o\000n\000g\000r\000u\000\352\000n\000c\000i\000a\000\040\000m\000\363\000d\000u\000l\000o\000\040\000I}{section.6.5}% 60
\BOOKMARK [3][-]{subsubsection.6.5.1.1}{\376\377\000D\000e\000f\000i\000n\000i\000\347\000\343\000o}{subsection.6.5.1}% 61
\BOOKMARK [3][-]{subsubsection.6.5.1.2}{\376\377\000P\000r\000o\000p\000r\000i\000e\000d\000a\000d\000e\000s}{subsection.6.5.1}% 62
\BOOKMARK [0][-]{chapter.7}{\376\377\000G\000r\000u\000p\000o\000s}{}% 63
\BOOKMARK [1][-]{section.7.1}{\376\377\000D\000e\000f\000i\000n\000i\000\347\000\343\000o}{chapter.7}% 64
\BOOKMARK [1][-]{section.7.2}{\376\377\000G\000r\000u\000p\000o\000\040\000c\000o\000m\000u\000t\000a\000t\000i\000v\000o\000\040\000o\000u\000\040\000a\000b\000e\000l\000i\000a\000n\000o}{chapter.7}% 65
\BOOKMARK [1][-]{section.7.3}{\376\377\000P\000r\000o\000p\000r\000i\000e\000d\000a\000d\000e\000s\000\040\000I\000m\000e\000d\000i\000a\000t\000a\000s\000\040\000d\000e\000\040\000u\000m\000\040\000g\000r\000u\000p\000o}{chapter.7}% 66
\BOOKMARK [1][-]{section.7.4}{\376\377\000O\000r\000d\000e\000m\000\040\000d\000e\000\040\000u\000m\000\040\000G\000r\000u\000p\000o}{chapter.7}% 67
\BOOKMARK [1][-]{section.7.5}{\376\377\000S\000u\000b\000g\000r\000u\000p\000o}{chapter.7}% 68
\BOOKMARK [2][-]{subsubsection.7.5.0.1}{\376\377\000D\000e\000f\000i\000n\000i\000\347\000\343\000o}{section.7.5}% 69
\BOOKMARK [3][-]{subsubsection.7.5.0.2}{\376\377\000P\000r\000o\000p\000r\000i\000e\000d\000a\000d\000e\000s}{subsubsection.7.5.0.1}% 70
\BOOKMARK [1][-]{section.7.6}{\376\377\000O\000r\000d\000e\000m\000\040\000d\000e\000\040\000u\000m\000\040\000s\000u\000b\000g\000r\000u\000p\000o}{chapter.7}% 71
\BOOKMARK [1][-]{section.7.7}{\376\377\000H\000o\000m\000o\000m\000o\000r\000f\000i\000m\000o\000s\000\040\000d\000e\000\040\000G\000r\000u\000p\000o\000s}{chapter.7}% 72
\BOOKMARK [1][-]{section.7.8}{\376\377\000G\000r\000u\000p\000o\000s\000\040\000d\000e\000\040\000P\000e\000r\000m\000u\000t\000a\000\347\000\343\000o}{chapter.7}% 73
\BOOKMARK [1][-]{section.7.9}{\376\377\000G\000r\000u\000p\000o\000s\000\040\000C\000\355\000c\000l\000i\000c\000o\000s}{chapter.7}% 74
\BOOKMARK [0][-]{section*.1}{\376\377\000B\000i\000b\000l\000i\000o\000g\000r\000a\000f\000i\000a}{}% 75
\BOOKMARK [0][-]{section*.2}{\376\377\000\315\000n\000d\000i\000c\000e\000\040\000R\000e\000m\000i\000s\000s\000i\000v\000o}{}% 76
